
> tubedb-ui@0.1.0 dev
> next dev -p 9000

  ▲ Next.js 14.2.33
  - Local:        http://localhost:9000
  - Environments: .env.local

 ✓ Starting...
 ✓ Ready in 967ms
 ○ Compiling / ...
 ⨯ ./components/dashboard/advanced-analytics-tab.tsx:4:1
Module not found: Can't resolve '@nivo/scatterplot'
[0m [90m 2 |[39m[0m
[0m [90m 3 |[39m [36mimport[39m { useEffect[33m,[39m useState } [36mfrom[39m [32m'react'[39m[33m;[39m[0m
[0m[31m[1m>[22m[39m[90m 4 |[39m [36mimport[39m { [33mResponsiveScatterPlot[39m } [36mfrom[39m [32m'@nivo/scatterplot'[39m[33m;[39m[0m
[0m [90m   |[39m [31m[1m^[22m[39m[0m
[0m [90m 5 |[39m [36mimport[39m { [33mResponsiveBubble[39m } [36mfrom[39m [32m'@nivo/circle-packing'[39m[33m;[39m[0m
[0m [90m 6 |[39m [36mimport[39m {  [33mTarget[39m[33m,[39m [33mTrendingUp[39m[33m,[39m [33mAward[39m[33m,[39m [33mAlertTriangle[39m[33m,[39m [33mClock[39m[33m,[39m [33mShield[39m } [36mfrom[39m [32m'lucide-react'[39m[33m;[39m[0m
[0m [90m 7 |[39m [36mimport[39m { [33mVideo[39m } [36mfrom[39m [32m'@/lib/types'[39m[33m;[39m[0m

https://nextjs.org/docs/messages/module-not-found

Import trace for requested module:
./components/dashboard/dashboard-tabs.tsx
 ⨯ ./components/dashboard/advanced-analytics-tab.tsx:4:1
Module not found: Can't resolve '@nivo/scatterplot'
[0m [90m 2 |[39m[0m
[0m [90m 3 |[39m [36mimport[39m { useEffect[33m,[39m useState } [36mfrom[39m [32m'react'[39m[33m;[39m[0m
[0m[31m[1m>[22m[39m[90m 4 |[39m [36mimport[39m { [33mResponsiveScatterPlot[39m } [36mfrom[39m [32m'@nivo/scatterplot'[39m[33m;[39m[0m
[0m [90m   |[39m [31m[1m^[22m[39m[0m
[0m [90m 5 |[39m [36mimport[39m { [33mResponsiveBubble[39m } [36mfrom[39m [32m'@nivo/circle-packing'[39m[33m;[39m[0m
[0m [90m 6 |[39m [36mimport[39m {  [33mTarget[39m[33m,[39m [33mTrendingUp[39m[33m,[39m [33mAward[39m[33m,[39m [33mAlertTriangle[39m[33m,[39m [33mClock[39m[33m,[39m [33mShield[39m } [36mfrom[39m [32m'lucide-react'[39m[33m;[39m[0m
[0m [90m 7 |[39m [36mimport[39m { [33mVideo[39m } [36mfrom[39m [32m'@/lib/types'[39m[33m;[39m[0m

https://nextjs.org/docs/messages/module-not-found

Import trace for requested module:
./components/dashboard/dashboard-tabs.tsx
 ⨯ ./components/dashboard/advanced-analytics-tab.tsx:4:1
Module not found: Can't resolve '@nivo/scatterplot'
[0m [90m 2 |[39m[0m
[0m [90m 3 |[39m [36mimport[39m { useEffect[33m,[39m useState } [36mfrom[39m [32m'react'[39m[33m;[39m[0m
[0m[31m[1m>[22m[39m[90m 4 |[39m [36mimport[39m { [33mResponsiveScatterPlot[39m } [36mfrom[39m [32m'@nivo/scatterplot'[39m[33m;[39m[0m
[0m [90m   |[39m [31m[1m^[22m[39m[0m
[0m [90m 5 |[39m [36mimport[39m { [33mResponsiveBubble[39m } [36mfrom[39m [32m'@nivo/circle-packing'[39m[33m;[39m[0m
[0m [90m 6 |[39m [36mimport[39m {  [33mTarget[39m[33m,[39m [33mTrendingUp[39m[33m,[39m [33mAward[39m[33m,[39m [33mAlertTriangle[39m[33m,[39m [33mClock[39m[33m,[39m [33mShield[39m } [36mfrom[39m [32m'lucide-react'[39m[33m;[39m[0m
[0m [90m 7 |[39m [36mimport[39m { [33mVideo[39m } [36mfrom[39m [32m'@/lib/types'[39m[33m;[39m[0m

https://nextjs.org/docs/messages/module-not-found

Import trace for requested module:
./components/dashboard/dashboard-tabs.tsx
 GET / 500 in 3024ms
 ✓ Compiled /_error in 321ms (2529 modules)
 GET / 200 in 130ms
 ✓ Compiled /api/batch in 99ms (1221 modules)
Loaded 420 videos with 6392 total insights
 GET /api/batch 200 in 345ms
 ✓ Compiled /api/meta-intelligence in 57ms (1223 modules)
 GET /api/meta-intelligence 200 in 72ms
 GET / 200 in 120ms
Loaded 420 videos with 6392 total insights
 GET /api/batch 200 in 304ms
Loaded 420 videos with 6392 total insights
 GET /api/batch 200 in 362ms
 GET /api/meta-intelligence 200 in 8ms
 GET /api/meta-intelligence 200 in 4ms
Loaded 420 videos with 6392 total insights
 GET /api/batch 200 in 274ms
Loaded 420 videos with 6392 total insights
 GET /api/batch 200 in 269ms
 GET /api/meta-intelligence 200 in 9ms
 GET /api/meta-intelligence 200 in 6ms
Loaded 420 videos with 6392 total insights
 GET /api/batch 200 in 287ms
Loaded 420 videos with 6392 total insights
 GET /api/batch 200 in 243ms
Loaded 420 videos with 6392 total insights
 GET /api/batch 200 in 279ms
Loaded 420 videos with 6392 total insights
 GET /api/batch 200 in 246ms
Loaded 420 videos with 6392 total insights
 GET /api/batch 200 in 273ms
Loaded 420 videos with 6392 total insights
 GET /api/batch 200 in 239ms
Loaded 420 videos with 6392 total insights
 GET /api/batch 200 in 277ms
Loaded 420 videos with 6392 total insights
 GET /api/batch 200 in 283ms
 GET /api/meta-intelligence 200 in 2ms
Loaded 420 videos with 6392 total insights
 GET /api/batch 200 in 368ms
 ✓ Compiled in 206ms (1350 modules)
 ✓ Compiled in 74ms (1350 modules)
 ✓ Compiled in 152ms (2557 modules)
 ✓ Compiled in 496ms (2397 modules)
 ✓ Compiled /api/meta-intelligence in 49ms (1152 modules)
 GET /api/meta-intelligence 200 in 73ms
 GET /api/meta-intelligence 200 in 2ms
 ✓ Compiled in 400ms (2431 modules)
 GET / 200 in 79ms
 ✓ Compiled /library in 136ms (2433 modules)
 GET /library 200 in 170ms
[?25h
